<?xml version="1.0" encoding="UTF-8"?>
<!-- Generated by org.testng.reporters.JUnitReportReporter -->
<testsuite hostname="LAPTOP-976VAT1T" failures="0" tests="1" name="com.inetbanking.testCases.TC_AddNewCustomer_003" time="56.373" errors="0" timestamp="2022-08-31T16:47:58 IST" skipped="0">
  <testcase classname="com.inetbanking.testCases.TC_AddNewCustomer_003" name="LoginTest" time="56.373"/>
  <system-out/>
</testsuite> <!-- com.inetbanking.testCases.TC_AddNewCustomer_003 -->
