<?xml version="1.0" encoding="UTF-8"?>
<!-- Generated by org.testng.reporters.JUnitReportReporter -->
<testsuite skipped="0" hostname="LAPTOP-976VAT1T" name="com.inetbanking.testCases.TC_LoginTest_001" tests="1" failures="0" timestamp="2022-08-31T17:07:31 IST" time="4.721" errors="0">
  <testcase name="LoginTest" time="4.721" classname="com.inetbanking.testCases.TC_LoginTest_001"/>
  <system-out/>
</testsuite> <!-- com.inetbanking.testCases.TC_LoginTest_001 -->
